2024-06-21 11:24:39 weka.gui.GUIChooserApp main
INFO: Logging started
2024-06-21 11:24:40 weka.gui.GenericObjectEditor registerEditors
INFO: ---Registering Weka Editors---
2024-06-21 11:24:41 weka.experiment.DatabaseUtils initialize
WARNING: Trying to add database driver (JDBC): jdbc.idbDriver - Warning, not in CLASSPATH?
2024-06-21 11:24:41 weka.gui.beans.BeansProperties loadProperties
INFO: [KnowledgeFlow] Loading properties and plugins...
2024-06-21 11:24:41 weka.gui.beans.KnowledgeFlowApp init
INFO: [KnowledgeFlow] Initializing KF...
2024-06-21 11:25:00 weka.gui.explorer.Explorer <init>
INFO: Weka Explorer
2024-06-21 11:25:00 weka.gui.explorer.Explorer <init>
INFO: (c) 1999-2022 The University of Waikato, Hamilton, New Zealand
2024-06-21 11:25:00 weka.gui.explorer.Explorer <init>
INFO: web: https://www.cs.waikato.ac.nz/~ml/weka/
2024-06-21 11:25:00 weka.gui.explorer.Explorer <init>
INFO: Started on Friday, 21 June 2024
2024-06-21 11:29:50 weka.gui.explorer.Explorer <init>
INFO: Weka Explorer
2024-06-21 11:29:50 weka.gui.explorer.Explorer <init>
INFO: (c) 1999-2022 The University of Waikato, Hamilton, New Zealand
2024-06-21 11:29:50 weka.gui.explorer.Explorer <init>
INFO: web: https://www.cs.waikato.ac.nz/~ml/weka/
2024-06-21 11:29:50 weka.gui.explorer.Explorer <init>
INFO: Started on Friday, 21 June 2024
java.lang.IllegalAccessException: class weka.gui.GenericArrayEditor$CustomEditor cannot access class com.sun.beans.editors.StringEditor (in module java.desktop) because module java.desktop does not export com.sun.beans.editors to unnamed module @51b279c9
	java.base/jdk.internal.reflect.Reflection.newIllegalAccessException(Unknown Source)
	java.base/java.lang.reflect.AccessibleObject.checkAccess(Unknown Source)
	java.base/java.lang.reflect.Constructor.newInstanceWithCaller(Unknown Source)
	java.base/java.lang.reflect.ReflectAccess.newInstance(Unknown Source)
	java.base/jdk.internal.reflect.ReflectionFactory.newInstance(Unknown Source)
	java.base/java.lang.Class.newInstance(Unknown Source)
	weka.gui.GenericArrayEditor$CustomEditor.updateEditorType(GenericArrayEditor.java:404)
	weka.gui.GenericArrayEditor$CustomEditor.access$1300(GenericArrayEditor.java:75)
	weka.gui.GenericArrayEditor.setValue(GenericArrayEditor.java:489)
	weka.gui.PropertySheetPanel.setTarget(PropertySheetPanel.java:757)
	weka.gui.GenericObjectEditor$GOEPanel.updateChildPropertySheet(GenericObjectEditor.java:1035)
	weka.gui.GenericObjectEditor$GOEPanel.<init>(GenericObjectEditor.java:866)
	weka.gui.GenericObjectEditor.getCustomEditor(GenericObjectEditor.java:1612)
	weka.gui.explorer.PreprocessPanel.converterQuery(PreprocessPanel.java:1304)
	weka.gui.explorer.PreprocessPanel.setInstancesFromFileQ(PreprocessPanel.java:1016)
	weka.gui.explorer.PreprocessPanel$5.actionPerformed(PreprocessPanel.java:341)
	java.desktop/javax.swing.AbstractButton.fireActionPerformed(Unknown Source)
	java.desktop/javax.swing.AbstractButton$Handler.actionPerformed(Unknown Source)
	java.desktop/javax.swing.DefaultButtonModel.fireActionPerformed(Unknown Source)
	java.desktop/javax.swing.DefaultButtonModel.setPressed(Unknown Source)
	java.desktop/javax.swing.plaf.basic.BasicButtonListener.mouseReleased(Unknown Source)
	java.desktop/java.awt.AWTEventMulticaster.mouseReleased(Unknown Source)
	java.desktop/java.awt.Component.processMouseEvent(Unknown Source)
	java.desktop/javax.swing.JComponent.processMouseEvent(Unknown Source)
	java.desktop/java.awt.Component.processEvent(Unknown Source)
	java.desktop/java.awt.Container.processEvent(Unknown Source)
	java.desktop/java.awt.Component.dispatchEventImpl(Unknown Source)
	java.desktop/java.awt.Container.dispatchEventImpl(Unknown Source)
	java.desktop/java.awt.Component.dispatchEvent(Unknown Source)
	java.desktop/java.awt.LightweightDispatcher.retargetMouseEvent(Unknown Source)
	java.desktop/java.awt.LightweightDispatcher.processMouseEvent(Unknown Source)
	java.desktop/java.awt.LightweightDispatcher.dispatchEvent(Unknown Source)
	java.desktop/java.awt.Container.dispatchEventImpl(Unknown Source)
	java.desktop/java.awt.Window.dispatchEventImpl(Unknown Source)
	java.desktop/java.awt.Component.dispatchEvent(Unknown Source)
	java.desktop/java.awt.EventQueue.dispatchEventImpl(Unknown Source)
	java.desktop/java.awt.EventQueue$4.run(Unknown Source)
	java.desktop/java.awt.EventQueue$4.run(Unknown Source)
	java.base/java.security.AccessController.doPrivileged(Unknown Source)
	java.base/java.security.ProtectionDomain$JavaSecurityAccessImpl.doIntersectionPrivilege(Unknown Source)
	java.base/java.security.ProtectionDomain$JavaSecurityAccessImpl.doIntersectionPrivilege(Unknown Source)
	java.desktop/java.awt.EventQueue$5.run(Unknown Source)
	java.desktop/java.awt.EventQueue$5.run(Unknown Source)
	java.base/java.security.AccessController.doPrivileged(Unknown Source)
	java.base/java.security.ProtectionDomain$JavaSecurityAccessImpl.doIntersectionPrivilege(Unknown Source)
	java.desktop/java.awt.EventQueue.dispatchEvent(Unknown Source)
	java.desktop/java.awt.EventDispatchThread.pumpOneEventForFilters(Unknown Source)
	java.desktop/java.awt.EventDispatchThread.pumpEventsForFilter(Unknown Source)
	java.desktop/java.awt.EventDispatchThread.pumpEventsForHierarchy(Unknown Source)
	java.desktop/java.awt.EventDispatchThread.pumpEvents(Unknown Source)
	java.desktop/java.awt.EventDispatchThread.pumpEvents(Unknown Source)
	java.desktop/java.awt.EventDispatchThread.run(Unknown Source)

	at java.base/jdk.internal.reflect.Reflection.newIllegalAccessException(Unknown Source)
	at java.base/java.lang.reflect.AccessibleObject.checkAccess(Unknown Source)
	at java.base/java.lang.reflect.Constructor.newInstanceWithCaller(Unknown Source)
	at java.base/java.lang.reflect.ReflectAccess.newInstance(Unknown Source)
	at java.base/jdk.internal.reflect.ReflectionFactory.newInstance(Unknown Source)
	at java.base/java.lang.Class.newInstance(Unknown Source)
	at weka.gui.GenericArrayEditor$CustomEditor.updateEditorType(GenericArrayEditor.java:404)
	at weka.gui.GenericArrayEditor$CustomEditor.access$1300(GenericArrayEditor.java:75)
	at weka.gui.GenericArrayEditor.setValue(GenericArrayEditor.java:489)
	at weka.gui.PropertySheetPanel.setTarget(PropertySheetPanel.java:757)
	at weka.gui.GenericObjectEditor$GOEPanel.updateChildPropertySheet(GenericObjectEditor.java:1035)
	at weka.gui.GenericObjectEditor$GOEPanel.<init>(GenericObjectEditor.java:866)
	at weka.gui.GenericObjectEditor.getCustomEditor(GenericObjectEditor.java:1612)
	at weka.gui.explorer.PreprocessPanel.converterQuery(PreprocessPanel.java:1304)
	at weka.gui.explorer.PreprocessPanel.setInstancesFromFileQ(PreprocessPanel.java:1016)
	at weka.gui.explorer.PreprocessPanel$5.actionPerformed(PreprocessPanel.java:341)
	at java.desktop/javax.swing.AbstractButton.fireActionPerformed(Unknown Source)
	at java.desktop/javax.swing.AbstractButton$Handler.actionPerformed(Unknown Source)
	at java.desktop/javax.swing.DefaultButtonModel.fireActionPerformed(Unknown Source)
	at java.desktop/javax.swing.DefaultButtonModel.setPressed(Unknown Source)
	at java.desktop/javax.swing.plaf.basic.BasicButtonListener.mouseReleased(Unknown Source)
	at java.desktop/java.awt.AWTEventMulticaster.mouseReleased(Unknown Source)
	at java.desktop/java.awt.Component.processMouseEvent(Unknown Source)
	at java.desktop/javax.swing.JComponent.processMouseEvent(Unknown Source)
	at java.desktop/java.awt.Component.processEvent(Unknown Source)
	at java.desktop/java.awt.Container.processEvent(Unknown Source)
	at java.desktop/java.awt.Component.dispatchEventImpl(Unknown Source)
	at java.desktop/java.awt.Container.dispatchEventImpl(Unknown Source)
	at java.desktop/java.awt.Component.dispatchEvent(Unknown Source)
	at java.desktop/java.awt.LightweightDispatcher.retargetMouseEvent(Unknown Source)
	at java.desktop/java.awt.LightweightDispatcher.processMouseEvent(Unknown Source)
	at java.desktop/java.awt.LightweightDispatcher.dispatchEvent(Unknown Source)
	at java.desktop/java.awt.Container.dispatchEventImpl(Unknown Source)
	at java.desktop/java.awt.Window.dispatchEventImpl(Unknown Source)
	at java.desktop/java.awt.Component.dispatchEvent(Unknown Source)
	at java.desktop/java.awt.EventQueue.dispatchEventImpl(Unknown Source)
	at java.desktop/java.awt.EventQueue$4.run(Unknown Source)
	at java.desktop/java.awt.EventQueue$4.run(Unknown Source)
	at java.base/java.security.AccessController.doPrivileged(Unknown Source)
	at java.base/java.security.ProtectionDomain$JavaSecurityAccessImpl.doIntersectionPrivilege(Unknown Source)
	at java.base/java.security.ProtectionDomain$JavaSecurityAccessImpl.doIntersectionPrivilege(Unknown Source)
	at java.desktop/java.awt.EventQueue$5.run(Unknown Source)
	at java.desktop/java.awt.EventQueue$5.run(Unknown Source)
	at java.base/java.security.AccessController.doPrivileged(Unknown Source)
	at java.base/java.security.ProtectionDomain$JavaSecurityAccessImpl.doIntersectionPrivilege(Unknown Source)
	at java.desktop/java.awt.EventQueue.dispatchEvent(Unknown Source)
	at java.desktop/java.awt.EventDispatchThread.pumpOneEventForFilters(Unknown Source)
	at java.desktop/java.awt.EventDispatchThread.pumpEventsForFilter(Unknown Source)
	at java.desktop/java.awt.EventDispatchThread.pumpEventsForHierarchy(Unknown Source)
	at java.desktop/java.awt.EventDispatchThread.pumpEvents(Unknown Source)
	at java.desktop/java.awt.EventDispatchThread.pumpEvents(Unknown Source)
	at java.desktop/java.awt.EventDispatchThread.run(Unknown Source)
java.lang.IllegalAccessException: class weka.gui.GenericArrayEditor$CustomEditor cannot access class com.sun.beans.editors.StringEditor (in module java.desktop) because module java.desktop does not export com.sun.beans.editors to unnamed module @51b279c9
	java.base/jdk.internal.reflect.Reflection.newIllegalAccessException(Unknown Source)
	java.base/java.lang.reflect.AccessibleObject.checkAccess(Unknown Source)
	java.base/java.lang.reflect.Constructor.newInstanceWithCaller(Unknown Source)
	java.base/java.lang.reflect.ReflectAccess.newInstance(Unknown Source)
	java.base/jdk.internal.reflect.ReflectionFactory.newInstance(Unknown Source)
	java.base/java.lang.Class.newInstance(Unknown Source)
	weka.gui.GenericArrayEditor$CustomEditor.updateEditorType(GenericArrayEditor.java:404)
	weka.gui.GenericArrayEditor$CustomEditor.access$1300(GenericArrayEditor.java:75)
	weka.gui.GenericArrayEditor.setValue(GenericArrayEditor.java:489)
	weka.gui.PropertySheetPanel.setTarget(PropertySheetPanel.java:757)
	weka.gui.GenericObjectEditor$GOEPanel.updateChildPropertySheet(GenericObjectEditor.java:1035)
	weka.gui.GenericObjectEditor$GOEPanel.<init>(GenericObjectEditor.java:866)
	weka.gui.GenericObjectEditor.getCustomEditor(GenericObjectEditor.java:1612)
	weka.gui.explorer.PreprocessPanel.converterQuery(PreprocessPanel.java:1304)
	weka.gui.explorer.PreprocessPanel.setInstancesFromFileQ(PreprocessPanel.java:1016)
	weka.gui.explorer.PreprocessPanel$5.actionPerformed(PreprocessPanel.java:341)
	java.desktop/javax.swing.AbstractButton.fireActionPerformed(Unknown Source)
	java.desktop/javax.swing.AbstractButton$Handler.actionPerformed(Unknown Source)
	java.desktop/javax.swing.DefaultButtonModel.fireActionPerformed(Unknown Source)
	java.desktop/javax.swing.DefaultButtonModel.setPressed(Unknown Source)
	java.desktop/javax.swing.plaf.basic.BasicButtonListener.mouseReleased(Unknown Source)
	java.desktop/java.awt.AWTEventMulticaster.mouseReleased(Unknown Source)
	java.desktop/java.awt.Component.processMouseEvent(Unknown Source)
	java.desktop/javax.swing.JComponent.processMouseEvent(Unknown Source)
	java.desktop/java.awt.Component.processEvent(Unknown Source)
	java.desktop/java.awt.Container.processEvent(Unknown Source)
	java.desktop/java.awt.Component.dispatchEventImpl(Unknown Source)
	java.desktop/java.awt.Container.dispatchEventImpl(Unknown Source)
	java.desktop/java.awt.Component.dispatchEvent(Unknown Source)
	java.desktop/java.awt.LightweightDispatcher.retargetMouseEvent(Unknown Source)
	java.desktop/java.awt.LightweightDispatcher.processMouseEvent(Unknown Source)
	java.desktop/java.awt.LightweightDispatcher.dispatchEvent(Unknown Source)
	java.desktop/java.awt.Container.dispatchEventImpl(Unknown Source)
	java.desktop/java.awt.Window.dispatchEventImpl(Unknown Source)
	java.desktop/java.awt.Component.dispatchEvent(Unknown Source)
	java.desktop/java.awt.EventQueue.dispatchEventImpl(Unknown Source)
	java.desktop/java.awt.EventQueue$4.run(Unknown Source)
	java.desktop/java.awt.EventQueue$4.run(Unknown Source)
	java.base/java.security.AccessController.doPrivileged(Unknown Source)
	java.base/java.security.ProtectionDomain$JavaSecurityAccessImpl.doIntersectionPrivilege(Unknown Source)
	java.base/java.security.ProtectionDomain$JavaSecurityAccessImpl.doIntersectionPrivilege(Unknown Source)
	java.desktop/java.awt.EventQueue$5.run(Unknown Source)
	java.desktop/java.awt.EventQueue$5.run(Unknown Source)
	java.base/java.security.AccessController.doPrivileged(Unknown Source)
	java.base/java.security.ProtectionDomain$JavaSecurityAccessImpl.doIntersectionPrivilege(Unknown Source)
	java.desktop/java.awt.EventQueue.dispatchEvent(Unknown Source)
	java.desktop/java.awt.EventDispatchThread.pumpOneEventForFilters(Unknown Source)
	java.desktop/java.awt.EventDispatchThread.pumpEventsForFilter(Unknown Source)
	java.desktop/java.awt.EventDispatchThread.pumpEventsForHierarchy(Unknown Source)
	java.desktop/java.awt.EventDispatchThread.pumpEvents(Unknown Source)
	java.desktop/java.awt.EventDispatchThread.pumpEvents(Unknown Source)
	java.desktop/java.awt.EventDispatchThread.run(Unknown Source)

	at java.base/jdk.internal.reflect.Reflection.newIllegalAccessException(Unknown Source)
	at java.base/java.lang.reflect.AccessibleObject.checkAccess(Unknown Source)
	at java.base/java.lang.reflect.Constructor.newInstanceWithCaller(Unknown Source)
	at java.base/java.lang.reflect.ReflectAccess.newInstance(Unknown Source)
	at java.base/jdk.internal.reflect.ReflectionFactory.newInstance(Unknown Source)
	at java.base/java.lang.Class.newInstance(Unknown Source)
	at weka.gui.GenericArrayEditor$CustomEditor.updateEditorType(GenericArrayEditor.java:404)
	at weka.gui.GenericArrayEditor$CustomEditor.access$1300(GenericArrayEditor.java:75)
	at weka.gui.GenericArrayEditor.setValue(GenericArrayEditor.java:489)
	at weka.gui.PropertySheetPanel.setTarget(PropertySheetPanel.java:757)
	at weka.gui.GenericObjectEditor$GOEPanel.updateChildPropertySheet(GenericObjectEditor.java:1035)
	at weka.gui.GenericObjectEditor$GOEPanel.<init>(GenericObjectEditor.java:866)
	at weka.gui.GenericObjectEditor.getCustomEditor(GenericObjectEditor.java:1612)
	at weka.gui.explorer.PreprocessPanel.converterQuery(PreprocessPanel.java:1304)
	at weka.gui.explorer.PreprocessPanel.setInstancesFromFileQ(PreprocessPanel.java:1016)
	at weka.gui.explorer.PreprocessPanel$5.actionPerformed(PreprocessPanel.java:341)
	at java.desktop/javax.swing.AbstractButton.fireActionPerformed(Unknown Source)
	at java.desktop/javax.swing.AbstractButton$Handler.actionPerformed(Unknown Source)
	at java.desktop/javax.swing.DefaultButtonModel.fireActionPerformed(Unknown Source)
	at java.desktop/javax.swing.DefaultButtonModel.setPressed(Unknown Source)
	at java.desktop/javax.swing.plaf.basic.BasicButtonListener.mouseReleased(Unknown Source)
	at java.desktop/java.awt.AWTEventMulticaster.mouseReleased(Unknown Source)
	at java.desktop/java.awt.Component.processMouseEvent(Unknown Source)
	at java.desktop/javax.swing.JComponent.processMouseEvent(Unknown Source)
	at java.desktop/java.awt.Component.processEvent(Unknown Source)
	at java.desktop/java.awt.Container.processEvent(Unknown Source)
	at java.desktop/java.awt.Component.dispatchEventImpl(Unknown Source)
	at java.desktop/java.awt.Container.dispatchEventImpl(Unknown Source)
	at java.desktop/java.awt.Component.dispatchEvent(Unknown Source)
	at java.desktop/java.awt.LightweightDispatcher.retargetMouseEvent(Unknown Source)
	at java.desktop/java.awt.LightweightDispatcher.processMouseEvent(Unknown Source)
	at java.desktop/java.awt.LightweightDispatcher.dispatchEvent(Unknown Source)
	at java.desktop/java.awt.Container.dispatchEventImpl(Unknown Source)
	at java.desktop/java.awt.Window.dispatchEventImpl(Unknown Source)
	at java.desktop/java.awt.Component.dispatchEvent(Unknown Source)
	at java.desktop/java.awt.EventQueue.dispatchEventImpl(Unknown Source)
	at java.desktop/java.awt.EventQueue$4.run(Unknown Source)
	at java.desktop/java.awt.EventQueue$4.run(Unknown Source)
	at java.base/java.security.AccessController.doPrivileged(Unknown Source)
	at java.base/java.security.ProtectionDomain$JavaSecurityAccessImpl.doIntersectionPrivilege(Unknown Source)
	at java.base/java.security.ProtectionDomain$JavaSecurityAccessImpl.doIntersectionPrivilege(Unknown Source)
	at java.desktop/java.awt.EventQueue$5.run(Unknown Source)
	at java.desktop/java.awt.EventQueue$5.run(Unknown Source)
	at java.base/java.security.AccessController.doPrivileged(Unknown Source)
	at java.base/java.security.ProtectionDomain$JavaSecurityAccessImpl.doIntersectionPrivilege(Unknown Source)
	at java.desktop/java.awt.EventQueue.dispatchEvent(Unknown Source)
	at java.desktop/java.awt.EventDispatchThread.pumpOneEventForFilters(Unknown Source)
	at java.desktop/java.awt.EventDispatchThread.pumpEventsForFilter(Unknown Source)
	at java.desktop/java.awt.EventDispatchThread.pumpEventsForHierarchy(Unknown Source)
	at java.desktop/java.awt.EventDispatchThread.pumpEvents(Unknown Source)
	at java.desktop/java.awt.EventDispatchThread.pumpEvents(Unknown Source)
	at java.desktop/java.awt.EventDispatchThread.run(Unknown Source)
java.lang.IllegalAccessException: class weka.gui.GenericArrayEditor$CustomEditor cannot access class com.sun.beans.editors.StringEditor (in module java.desktop) because module java.desktop does not export com.sun.beans.editors to unnamed module @51b279c9
	java.base/jdk.internal.reflect.Reflection.newIllegalAccessException(Unknown Source)
	java.base/java.lang.reflect.AccessibleObject.checkAccess(Unknown Source)
	java.base/java.lang.reflect.Constructor.newInstanceWithCaller(Unknown Source)
	java.base/java.lang.reflect.ReflectAccess.newInstance(Unknown Source)
	java.base/jdk.internal.reflect.ReflectionFactory.newInstance(Unknown Source)
	java.base/java.lang.Class.newInstance(Unknown Source)
	weka.gui.GenericArrayEditor$CustomEditor.updateEditorType(GenericArrayEditor.java:404)
	weka.gui.GenericArrayEditor$CustomEditor.access$1300(GenericArrayEditor.java:75)
	weka.gui.GenericArrayEditor.setValue(GenericArrayEditor.java:489)
	weka.gui.PropertySheetPanel.setTarget(PropertySheetPanel.java:757)
	weka.gui.GenericObjectEditor$GOEPanel.updateChildPropertySheet(GenericObjectEditor.java:1035)
	weka.gui.GenericObjectEditor$GOEPanel.<init>(GenericObjectEditor.java:866)
	weka.gui.GenericObjectEditor.getCustomEditor(GenericObjectEditor.java:1612)
	weka.gui.explorer.PreprocessPanel.converterQuery(PreprocessPanel.java:1304)
	weka.gui.explorer.PreprocessPanel.setInstancesFromFileQ(PreprocessPanel.java:1016)
	weka.gui.explorer.PreprocessPanel$5.actionPerformed(PreprocessPanel.java:341)
	java.desktop/javax.swing.AbstractButton.fireActionPerformed(Unknown Source)
	java.desktop/javax.swing.AbstractButton$Handler.actionPerformed(Unknown Source)
	java.desktop/javax.swing.DefaultButtonModel.fireActionPerformed(Unknown Source)
	java.desktop/javax.swing.DefaultButtonModel.setPressed(Unknown Source)
	java.desktop/javax.swing.plaf.basic.BasicButtonListener.mouseReleased(Unknown Source)
	java.desktop/java.awt.AWTEventMulticaster.mouseReleased(Unknown Source)
	java.desktop/java.awt.Component.processMouseEvent(Unknown Source)
	java.desktop/javax.swing.JComponent.processMouseEvent(Unknown Source)
	java.desktop/java.awt.Component.processEvent(Unknown Source)
	java.desktop/java.awt.Container.processEvent(Unknown Source)
	java.desktop/java.awt.Component.dispatchEventImpl(Unknown Source)
	java.desktop/java.awt.Container.dispatchEventImpl(Unknown Source)
	java.desktop/java.awt.Component.dispatchEvent(Unknown Source)
	java.desktop/java.awt.LightweightDispatcher.retargetMouseEvent(Unknown Source)
	java.desktop/java.awt.LightweightDispatcher.processMouseEvent(Unknown Source)
	java.desktop/java.awt.LightweightDispatcher.dispatchEvent(Unknown Source)
	java.desktop/java.awt.Container.dispatchEventImpl(Unknown Source)
	java.desktop/java.awt.Window.dispatchEventImpl(Unknown Source)
	java.desktop/java.awt.Component.dispatchEvent(Unknown Source)
	java.desktop/java.awt.EventQueue.dispatchEventImpl(Unknown Source)
	java.desktop/java.awt.EventQueue$4.run(Unknown Source)
	java.desktop/java.awt.EventQueue$4.run(Unknown Source)
	java.base/java.security.AccessController.doPrivileged(Unknown Source)
	java.base/java.security.ProtectionDomain$JavaSecurityAccessImpl.doIntersectionPrivilege(Unknown Source)
	java.base/java.security.ProtectionDomain$JavaSecurityAccessImpl.doIntersectionPrivilege(Unknown Source)
	java.desktop/java.awt.EventQueue$5.run(Unknown Source)
	java.desktop/java.awt.EventQueue$5.run(Unknown Source)
	java.base/java.security.AccessController.doPrivileged(Unknown Source)
	java.base/java.security.ProtectionDomain$JavaSecurityAccessImpl.doIntersectionPrivilege(Unknown Source)
	java.desktop/java.awt.EventQueue.dispatchEvent(Unknown Source)
	java.desktop/java.awt.EventDispatchThread.pumpOneEventForFilters(Unknown Source)
	java.desktop/java.awt.EventDispatchThread.pumpEventsForFilter(Unknown Source)
	java.desktop/java.awt.EventDispatchThread.pumpEventsForHierarchy(Unknown Source)
	java.desktop/java.awt.EventDispatchThread.pumpEvents(Unknown Source)
	java.desktop/java.awt.EventDispatchThread.pumpEvents(Unknown Source)
	java.desktop/java.awt.EventDispatchThread.run(Unknown Source)

	at java.base/jdk.internal.reflect.Reflection.newIllegalAccessException(Unknown Source)
	at java.base/java.lang.reflect.AccessibleObject.checkAccess(Unknown Source)
	at java.base/java.lang.reflect.Constructor.newInstanceWithCaller(Unknown Source)
	at java.base/java.lang.reflect.ReflectAccess.newInstance(Unknown Source)
	at java.base/jdk.internal.reflect.ReflectionFactory.newInstance(Unknown Source)
	at java.base/java.lang.Class.newInstance(Unknown Source)
	at weka.gui.GenericArrayEditor$CustomEditor.updateEditorType(GenericArrayEditor.java:404)
	at weka.gui.GenericArrayEditor$CustomEditor.access$1300(GenericArrayEditor.java:75)
	at weka.gui.GenericArrayEditor.setValue(GenericArrayEditor.java:489)
	at weka.gui.PropertySheetPanel.setTarget(PropertySheetPanel.java:757)
	at weka.gui.GenericObjectEditor$GOEPanel.updateChildPropertySheet(GenericObjectEditor.java:1035)
	at weka.gui.GenericObjectEditor$GOEPanel.<init>(GenericObjectEditor.java:866)
	at weka.gui.GenericObjectEditor.getCustomEditor(GenericObjectEditor.java:1612)
	at weka.gui.explorer.PreprocessPanel.converterQuery(PreprocessPanel.java:1304)
	at weka.gui.explorer.PreprocessPanel.setInstancesFromFileQ(PreprocessPanel.java:1016)
	at weka.gui.explorer.PreprocessPanel$5.actionPerformed(PreprocessPanel.java:341)
	at java.desktop/javax.swing.AbstractButton.fireActionPerformed(Unknown Source)
	at java.desktop/javax.swing.AbstractButton$Handler.actionPerformed(Unknown Source)
	at java.desktop/javax.swing.DefaultButtonModel.fireActionPerformed(Unknown Source)
	at java.desktop/javax.swing.DefaultButtonModel.setPressed(Unknown Source)
	at java.desktop/javax.swing.plaf.basic.BasicButtonListener.mouseReleased(Unknown Source)
	at java.desktop/java.awt.AWTEventMulticaster.mouseReleased(Unknown Source)
	at java.desktop/java.awt.Component.processMouseEvent(Unknown Source)
	at java.desktop/javax.swing.JComponent.processMouseEvent(Unknown Source)
	at java.desktop/java.awt.Component.processEvent(Unknown Source)
	at java.desktop/java.awt.Container.processEvent(Unknown Source)
	at java.desktop/java.awt.Component.dispatchEventImpl(Unknown Source)
	at java.desktop/java.awt.Container.dispatchEventImpl(Unknown Source)
	at java.desktop/java.awt.Component.dispatchEvent(Unknown Source)
	at java.desktop/java.awt.LightweightDispatcher.retargetMouseEvent(Unknown Source)
	at java.desktop/java.awt.LightweightDispatcher.processMouseEvent(Unknown Source)
	at java.desktop/java.awt.LightweightDispatcher.dispatchEvent(Unknown Source)
	at java.desktop/java.awt.Container.dispatchEventImpl(Unknown Source)
	at java.desktop/java.awt.Window.dispatchEventImpl(Unknown Source)
	at java.desktop/java.awt.Component.dispatchEvent(Unknown Source)
	at java.desktop/java.awt.EventQueue.dispatchEventImpl(Unknown Source)
	at java.desktop/java.awt.EventQueue$4.run(Unknown Source)
	at java.desktop/java.awt.EventQueue$4.run(Unknown Source)
	at java.base/java.security.AccessController.doPrivileged(Unknown Source)
	at java.base/java.security.ProtectionDomain$JavaSecurityAccessImpl.doIntersectionPrivilege(Unknown Source)
	at java.base/java.security.ProtectionDomain$JavaSecurityAccessImpl.doIntersectionPrivilege(Unknown Source)
	at java.desktop/java.awt.EventQueue$5.run(Unknown Source)
	at java.desktop/java.awt.EventQueue$5.run(Unknown Source)
	at java.base/java.security.AccessController.doPrivileged(Unknown Source)
	at java.base/java.security.ProtectionDomain$JavaSecurityAccessImpl.doIntersectionPrivilege(Unknown Source)
	at java.desktop/java.awt.EventQueue.dispatchEvent(Unknown Source)
	at java.desktop/java.awt.EventDispatchThread.pumpOneEventForFilters(Unknown Source)
	at java.desktop/java.awt.EventDispatchThread.pumpEventsForFilter(Unknown Source)
	at java.desktop/java.awt.EventDispatchThread.pumpEventsForHierarchy(Unknown Source)
	at java.desktop/java.awt.EventDispatchThread.pumpEvents(Unknown Source)
	at java.desktop/java.awt.EventDispatchThread.pumpEvents(Unknown Source)
	at java.desktop/java.awt.EventDispatchThread.run(Unknown Source)
java.lang.IllegalAccessException: class weka.gui.GenericArrayEditor$CustomEditor cannot access class com.sun.beans.editors.StringEditor (in module java.desktop) because module java.desktop does not export com.sun.beans.editors to unnamed module @51b279c9
	java.base/jdk.internal.reflect.Reflection.newIllegalAccessException(Unknown Source)
	java.base/java.lang.reflect.AccessibleObject.checkAccess(Unknown Source)
	java.base/java.lang.reflect.Constructor.newInstanceWithCaller(Unknown Source)
	java.base/java.lang.reflect.ReflectAccess.newInstance(Unknown Source)
	java.base/jdk.internal.reflect.ReflectionFactory.newInstance(Unknown Source)
	java.base/java.lang.Class.newInstance(Unknown Source)
	weka.gui.GenericArrayEditor$CustomEditor.updateEditorType(GenericArrayEditor.java:404)
	weka.gui.GenericArrayEditor$CustomEditor.access$1300(GenericArrayEditor.java:75)
	weka.gui.GenericArrayEditor.setValue(GenericArrayEditor.java:489)
	weka.gui.PropertySheetPanel.setTarget(PropertySheetPanel.java:757)
	weka.gui.GenericObjectEditor$GOEPanel.updateChildPropertySheet(GenericObjectEditor.java:1035)
	weka.gui.GenericObjectEditor$GOEPanel.<init>(GenericObjectEditor.java:866)
	weka.gui.GenericObjectEditor.getCustomEditor(GenericObjectEditor.java:1612)
	weka.gui.explorer.PreprocessPanel.converterQuery(PreprocessPanel.java:1304)
	weka.gui.explorer.PreprocessPanel.setInstancesFromFileQ(PreprocessPanel.java:1016)
	weka.gui.explorer.PreprocessPanel$5.actionPerformed(PreprocessPanel.java:341)
	java.desktop/javax.swing.AbstractButton.fireActionPerformed(Unknown Source)
	java.desktop/javax.swing.AbstractButton$Handler.actionPerformed(Unknown Source)
	java.desktop/javax.swing.DefaultButtonModel.fireActionPerformed(Unknown Source)
	java.desktop/javax.swing.DefaultButtonModel.setPressed(Unknown Source)
	java.desktop/javax.swing.plaf.basic.BasicButtonListener.mouseReleased(Unknown Source)
	java.desktop/java.awt.AWTEventMulticaster.mouseReleased(Unknown Source)
	java.desktop/java.awt.Component.processMouseEvent(Unknown Source)
	java.desktop/javax.swing.JComponent.processMouseEvent(Unknown Source)
	java.desktop/java.awt.Component.processEvent(Unknown Source)
	java.desktop/java.awt.Container.processEvent(Unknown Source)
	java.desktop/java.awt.Component.dispatchEventImpl(Unknown Source)
	java.desktop/java.awt.Container.dispatchEventImpl(Unknown Source)
	java.desktop/java.awt.Component.dispatchEvent(Unknown Source)
	java.desktop/java.awt.LightweightDispatcher.retargetMouseEvent(Unknown Source)
	java.desktop/java.awt.LightweightDispatcher.processMouseEvent(Unknown Source)
	java.desktop/java.awt.LightweightDispatcher.dispatchEvent(Unknown Source)
	java.desktop/java.awt.Container.dispatchEventImpl(Unknown Source)
	java.desktop/java.awt.Window.dispatchEventImpl(Unknown Source)
	java.desktop/java.awt.Component.dispatchEvent(Unknown Source)
	java.desktop/java.awt.EventQueue.dispatchEventImpl(Unknown Source)
	java.desktop/java.awt.EventQueue$4.run(Unknown Source)
	java.desktop/java.awt.EventQueue$4.run(Unknown Source)
	java.base/java.security.AccessController.doPrivileged(Unknown Source)
	java.base/java.security.ProtectionDomain$JavaSecurityAccessImpl.doIntersectionPrivilege(Unknown Source)
	java.base/java.security.ProtectionDomain$JavaSecurityAccessImpl.doIntersectionPrivilege(Unknown Source)
	java.desktop/java.awt.EventQueue$5.run(Unknown Source)
	java.desktop/java.awt.EventQueue$5.run(Unknown Source)
	java.base/java.security.AccessController.doPrivileged(Unknown Source)
	java.base/java.security.ProtectionDomain$JavaSecurityAccessImpl.doIntersectionPrivilege(Unknown Source)
	java.desktop/java.awt.EventQueue.dispatchEvent(Unknown Source)
	java.desktop/java.awt.EventDispatchThread.pumpOneEventForFilters(Unknown Source)
	java.desktop/java.awt.EventDispatchThread.pumpEventsForFilter(Unknown Source)
	java.desktop/java.awt.EventDispatchThread.pumpEventsForHierarchy(Unknown Source)
	java.desktop/java.awt.EventDispatchThread.pumpEvents(Unknown Source)
	java.desktop/java.awt.EventDispatchThread.pumpEvents(Unknown Source)
	java.desktop/java.awt.EventDispatchThread.run(Unknown Source)

	at java.base/jdk.internal.reflect.Reflection.newIllegalAccessException(Unknown Source)
	at java.base/java.lang.reflect.AccessibleObject.checkAccess(Unknown Source)
	at java.base/java.lang.reflect.Constructor.newInstanceWithCaller(Unknown Source)
	at java.base/java.lang.reflect.ReflectAccess.newInstance(Unknown Source)
	at java.base/jdk.internal.reflect.ReflectionFactory.newInstance(Unknown Source)
	at java.base/java.lang.Class.newInstance(Unknown Source)
	at weka.gui.GenericArrayEditor$CustomEditor.updateEditorType(GenericArrayEditor.java:404)
	at weka.gui.GenericArrayEditor$CustomEditor.access$1300(GenericArrayEditor.java:75)
	at weka.gui.GenericArrayEditor.setValue(GenericArrayEditor.java:489)
	at weka.gui.PropertySheetPanel.setTarget(PropertySheetPanel.java:757)
	at weka.gui.GenericObjectEditor$GOEPanel.updateChildPropertySheet(GenericObjectEditor.java:1035)
	at weka.gui.GenericObjectEditor$GOEPanel.<init>(GenericObjectEditor.java:866)
	at weka.gui.GenericObjectEditor.getCustomEditor(GenericObjectEditor.java:1612)
	at weka.gui.explorer.PreprocessPanel.converterQuery(PreprocessPanel.java:1304)
	at weka.gui.explorer.PreprocessPanel.setInstancesFromFileQ(PreprocessPanel.java:1016)
	at weka.gui.explorer.PreprocessPanel$5.actionPerformed(PreprocessPanel.java:341)
	at java.desktop/javax.swing.AbstractButton.fireActionPerformed(Unknown Source)
	at java.desktop/javax.swing.AbstractButton$Handler.actionPerformed(Unknown Source)
	at java.desktop/javax.swing.DefaultButtonModel.fireActionPerformed(Unknown Source)
	at java.desktop/javax.swing.DefaultButtonModel.setPressed(Unknown Source)
	at java.desktop/javax.swing.plaf.basic.BasicButtonListener.mouseReleased(Unknown Source)
	at java.desktop/java.awt.AWTEventMulticaster.mouseReleased(Unknown Source)
	at java.desktop/java.awt.Component.processMouseEvent(Unknown Source)
	at java.desktop/javax.swing.JComponent.processMouseEvent(Unknown Source)
	at java.desktop/java.awt.Component.processEvent(Unknown Source)
	at java.desktop/java.awt.Container.processEvent(Unknown Source)
	at java.desktop/java.awt.Component.dispatchEventImpl(Unknown Source)
	at java.desktop/java.awt.Container.dispatchEventImpl(Unknown Source)
	at java.desktop/java.awt.Component.dispatchEvent(Unknown Source)
	at java.desktop/java.awt.LightweightDispatcher.retargetMouseEvent(Unknown Source)
	at java.desktop/java.awt.LightweightDispatcher.processMouseEvent(Unknown Source)
	at java.desktop/java.awt.LightweightDispatcher.dispatchEvent(Unknown Source)
	at java.desktop/java.awt.Container.dispatchEventImpl(Unknown Source)
	at java.desktop/java.awt.Window.dispatchEventImpl(Unknown Source)
	at java.desktop/java.awt.Component.dispatchEvent(Unknown Source)
	at java.desktop/java.awt.EventQueue.dispatchEventImpl(Unknown Source)
	at java.desktop/java.awt.EventQueue$4.run(Unknown Source)
	at java.desktop/java.awt.EventQueue$4.run(Unknown Source)
	at java.base/java.security.AccessController.doPrivileged(Unknown Source)
	at java.base/java.security.ProtectionDomain$JavaSecurityAccessImpl.doIntersectionPrivilege(Unknown Source)
	at java.base/java.security.ProtectionDomain$JavaSecurityAccessImpl.doIntersectionPrivilege(Unknown Source)
	at java.desktop/java.awt.EventQueue$5.run(Unknown Source)
	at java.desktop/java.awt.EventQueue$5.run(Unknown Source)
	at java.base/java.security.AccessController.doPrivileged(Unknown Source)
	at java.base/java.security.ProtectionDomain$JavaSecurityAccessImpl.doIntersectionPrivilege(Unknown Source)
	at java.desktop/java.awt.EventQueue.dispatchEvent(Unknown Source)
	at java.desktop/java.awt.EventDispatchThread.pumpOneEventForFilters(Unknown Source)
	at java.desktop/java.awt.EventDispatchThread.pumpEventsForFilter(Unknown Source)
	at java.desktop/java.awt.EventDispatchThread.pumpEventsForHierarchy(Unknown Source)
	at java.desktop/java.awt.EventDispatchThread.pumpEvents(Unknown Source)
	at java.desktop/java.awt.EventDispatchThread.pumpEvents(Unknown Source)
	at java.desktop/java.awt.EventDispatchThread.run(Unknown Source)
java.lang.IllegalAccessException: class weka.gui.GenericArrayEditor$CustomEditor cannot access class com.sun.beans.editors.StringEditor (in module java.desktop) because module java.desktop does not export com.sun.beans.editors to unnamed module @51b279c9
	java.base/jdk.internal.reflect.Reflection.newIllegalAccessException(Unknown Source)
	java.base/java.lang.reflect.AccessibleObject.checkAccess(Unknown Source)
	java.base/java.lang.reflect.Constructor.newInstanceWithCaller(Unknown Source)
	java.base/java.lang.reflect.ReflectAccess.newInstance(Unknown Source)
	java.base/jdk.internal.reflect.ReflectionFactory.newInstance(Unknown Source)
	java.base/java.lang.Class.newInstance(Unknown Source)
	weka.gui.GenericArrayEditor$CustomEditor.updateEditorType(GenericArrayEditor.java:404)
	weka.gui.GenericArrayEditor$CustomEditor.access$1300(GenericArrayEditor.java:75)
	weka.gui.GenericArrayEditor.setValue(GenericArrayEditor.java:489)
	weka.gui.PropertySheetPanel.setTarget(PropertySheetPanel.java:757)
	weka.gui.GenericObjectEditor$GOEPanel.updateChildPropertySheet(GenericObjectEditor.java:1035)
	weka.gui.GenericObjectEditor$GOEPanel.<init>(GenericObjectEditor.java:866)
	weka.gui.GenericObjectEditor.getCustomEditor(GenericObjectEditor.java:1612)
	weka.gui.explorer.PreprocessPanel.converterQuery(PreprocessPanel.java:1304)
	weka.gui.explorer.PreprocessPanel.setInstancesFromFileQ(PreprocessPanel.java:1016)
	weka.gui.explorer.PreprocessPanel$5.actionPerformed(PreprocessPanel.java:341)
	java.desktop/javax.swing.AbstractButton.fireActionPerformed(Unknown Source)
	java.desktop/javax.swing.AbstractButton$Handler.actionPerformed(Unknown Source)
	java.desktop/javax.swing.DefaultButtonModel.fireActionPerformed(Unknown Source)
	java.desktop/javax.swing.DefaultButtonModel.setPressed(Unknown Source)
	java.desktop/javax.swing.plaf.basic.BasicButtonListener.mouseReleased(Unknown Source)
	java.desktop/java.awt.AWTEventMulticaster.mouseReleased(Unknown Source)
	java.desktop/java.awt.Component.processMouseEvent(Unknown Source)
	java.desktop/javax.swing.JComponent.processMouseEvent(Unknown Source)
	java.desktop/java.awt.Component.processEvent(Unknown Source)
	java.desktop/java.awt.Container.processEvent(Unknown Source)
	java.desktop/java.awt.Component.dispatchEventImpl(Unknown Source)
	java.desktop/java.awt.Container.dispatchEventImpl(Unknown Source)
	java.desktop/java.awt.Component.dispatchEvent(Unknown Source)
	java.desktop/java.awt.LightweightDispatcher.retargetMouseEvent(Unknown Source)
	java.desktop/java.awt.LightweightDispatcher.processMouseEvent(Unknown Source)
	java.desktop/java.awt.LightweightDispatcher.dispatchEvent(Unknown Source)
	java.desktop/java.awt.Container.dispatchEventImpl(Unknown Source)
	java.desktop/java.awt.Window.dispatchEventImpl(Unknown Source)
	java.desktop/java.awt.Component.dispatchEvent(Unknown Source)
	java.desktop/java.awt.EventQueue.dispatchEventImpl(Unknown Source)
	java.desktop/java.awt.EventQueue$4.run(Unknown Source)
	java.desktop/java.awt.EventQueue$4.run(Unknown Source)
	java.base/java.security.AccessController.doPrivileged(Unknown Source)
	java.base/java.security.ProtectionDomain$JavaSecurityAccessImpl.doIntersectionPrivilege(Unknown Source)
	java.base/java.security.ProtectionDomain$JavaSecurityAccessImpl.doIntersectionPrivilege(Unknown Source)
	java.desktop/java.awt.EventQueue$5.run(Unknown Source)
	java.desktop/java.awt.EventQueue$5.run(Unknown Source)
	java.base/java.security.AccessController.doPrivileged(Unknown Source)
	java.base/java.security.ProtectionDomain$JavaSecurityAccessImpl.doIntersectionPrivilege(Unknown Source)
	java.desktop/java.awt.EventQueue.dispatchEvent(Unknown Source)
	java.desktop/java.awt.EventDispatchThread.pumpOneEventForFilters(Unknown Source)
	java.desktop/java.awt.EventDispatchThread.pumpEventsForFilter(Unknown Source)
	java.desktop/java.awt.EventDispatchThread.pumpEventsForHierarchy(Unknown Source)
	java.desktop/java.awt.EventDispatchThread.pumpEvents(Unknown Source)
	java.desktop/java.awt.EventDispatchThread.pumpEvents(Unknown Source)
	java.desktop/java.awt.EventDispatchThread.run(Unknown Source)

	at java.base/jdk.internal.reflect.Reflection.newIllegalAccessException(Unknown Source)
	at java.base/java.lang.reflect.AccessibleObject.checkAccess(Unknown Source)
	at java.base/java.lang.reflect.Constructor.newInstanceWithCaller(Unknown Source)
	at java.base/java.lang.reflect.ReflectAccess.newInstance(Unknown Source)
	at java.base/jdk.internal.reflect.ReflectionFactory.newInstance(Unknown Source)
	at java.base/java.lang.Class.newInstance(Unknown Source)
	at weka.gui.GenericArrayEditor$CustomEditor.updateEditorType(GenericArrayEditor.java:404)
	at weka.gui.GenericArrayEditor$CustomEditor.access$1300(GenericArrayEditor.java:75)
	at weka.gui.GenericArrayEditor.setValue(GenericArrayEditor.java:489)
	at weka.gui.PropertySheetPanel.setTarget(PropertySheetPanel.java:757)
	at weka.gui.GenericObjectEditor$GOEPanel.updateChildPropertySheet(GenericObjectEditor.java:1035)
	at weka.gui.GenericObjectEditor$GOEPanel.<init>(GenericObjectEditor.java:866)
	at weka.gui.GenericObjectEditor.getCustomEditor(GenericObjectEditor.java:1612)
	at weka.gui.explorer.PreprocessPanel.converterQuery(PreprocessPanel.java:1304)
	at weka.gui.explorer.PreprocessPanel.setInstancesFromFileQ(PreprocessPanel.java:1016)
	at weka.gui.explorer.PreprocessPanel$5.actionPerformed(PreprocessPanel.java:341)
	at java.desktop/javax.swing.AbstractButton.fireActionPerformed(Unknown Source)
	at java.desktop/javax.swing.AbstractButton$Handler.actionPerformed(Unknown Source)
	at java.desktop/javax.swing.DefaultButtonModel.fireActionPerformed(Unknown Source)
	at java.desktop/javax.swing.DefaultButtonModel.setPressed(Unknown Source)
	at java.desktop/javax.swing.plaf.basic.BasicButtonListener.mouseReleased(Unknown Source)
	at java.desktop/java.awt.AWTEventMulticaster.mouseReleased(Unknown Source)
	at java.desktop/java.awt.Component.processMouseEvent(Unknown Source)
	at java.desktop/javax.swing.JComponent.processMouseEvent(Unknown Source)
	at java.desktop/java.awt.Component.processEvent(Unknown Source)
	at java.desktop/java.awt.Container.processEvent(Unknown Source)
	at java.desktop/java.awt.Component.dispatchEventImpl(Unknown Source)
	at java.desktop/java.awt.Container.dispatchEventImpl(Unknown Source)
	at java.desktop/java.awt.Component.dispatchEvent(Unknown Source)
	at java.desktop/java.awt.LightweightDispatcher.retargetMouseEvent(Unknown Source)
	at java.desktop/java.awt.LightweightDispatcher.processMouseEvent(Unknown Source)
	at java.desktop/java.awt.LightweightDispatcher.dispatchEvent(Unknown Source)
	at java.desktop/java.awt.Container.dispatchEventImpl(Unknown Source)
	at java.desktop/java.awt.Window.dispatchEventImpl(Unknown Source)
	at java.desktop/java.awt.Component.dispatchEvent(Unknown Source)
	at java.desktop/java.awt.EventQueue.dispatchEventImpl(Unknown Source)
	at java.desktop/java.awt.EventQueue$4.run(Unknown Source)
	at java.desktop/java.awt.EventQueue$4.run(Unknown Source)
	at java.base/java.security.AccessController.doPrivileged(Unknown Source)
	at java.base/java.security.ProtectionDomain$JavaSecurityAccessImpl.doIntersectionPrivilege(Unknown Source)
	at java.base/java.security.ProtectionDomain$JavaSecurityAccessImpl.doIntersectionPrivilege(Unknown Source)
	at java.desktop/java.awt.EventQueue$5.run(Unknown Source)
	at java.desktop/java.awt.EventQueue$5.run(Unknown Source)
	at java.base/java.security.AccessController.doPrivileged(Unknown Source)
	at java.base/java.security.ProtectionDomain$JavaSecurityAccessImpl.doIntersectionPrivilege(Unknown Source)
	at java.desktop/java.awt.EventQueue.dispatchEvent(Unknown Source)
	at java.desktop/java.awt.EventDispatchThread.pumpOneEventForFilters(Unknown Source)
	at java.desktop/java.awt.EventDispatchThread.pumpEventsForFilter(Unknown Source)
	at java.desktop/java.awt.EventDispatchThread.pumpEventsForHierarchy(Unknown Source)
	at java.desktop/java.awt.EventDispatchThread.pumpEvents(Unknown Source)
	at java.desktop/java.awt.EventDispatchThread.pumpEvents(Unknown Source)
	at java.desktop/java.awt.EventDispatchThread.run(Unknown Source)
2024-06-21 11:31:24 weka.gui.explorer.PreprocessPanel$21 run
INFO: Base relation is now unbalanced (856 instances)
2024-06-21 11:32:02 weka.gui.explorer.PreprocessPanel$21 run
INFO: Base relation is now labor-neg-data (57 instances)
2024-06-21 11:34:37 weka.gui.explorer.AttributeSelectionPanel$10 run
INFO: Started weka.attributeSelection.InfoGainAttributeEval
2024-06-21 11:34:37 weka.gui.explorer.AttributeSelectionPanel$10 run
INFO: Command: weka.attributeSelection.InfoGainAttributeEval -s "weka.attributeSelection.Ranker -T -1.7976931348623157E308 -N -1"
2024-06-21 11:34:37 weka.gui.explorer.AttributeSelectionPanel$10 run
INFO: Filter command: weka.filters.supervised.attribute.AttributeSelection -E "weka.attributeSelection.InfoGainAttributeEval " -S "weka.attributeSelection.Ranker -T -1.7976931348623157E308 -N -1"
2024-06-21 11:34:37 weka.gui.explorer.AttributeSelectionPanel$10 run
INFO: Meta-classifier command: weka.classifiers.meta.AttributeSelectedClassifier -E "weka.attributeSelection.InfoGainAttributeEval " -S "weka.attributeSelection.Ranker -T -1.7976931348623157E308 -N -1" -W weka.classifiers.trees.J48 -- -C 0.25 -M 2
2024-06-21 11:34:37 weka.gui.explorer.AttributeSelectionPanel$10 run
INFO: Finished weka.attributeSelection.InfoGainAttributeEval weka.attributeSelection.Ranker
2024-06-21 11:36:05 weka.gui.explorer.AttributeSelectionPanel$10 run
INFO: Started weka.attributeSelection.CorrelationAttributeEval
2024-06-21 11:36:05 weka.gui.explorer.AttributeSelectionPanel$10 run
INFO: Command: weka.attributeSelection.CorrelationAttributeEval -s "weka.attributeSelection.Ranker -T -1.7976931348623157E308 -N -1"
2024-06-21 11:36:05 weka.gui.explorer.AttributeSelectionPanel$10 run
INFO: Filter command: weka.filters.supervised.attribute.AttributeSelection -E "weka.attributeSelection.CorrelationAttributeEval " -S "weka.attributeSelection.Ranker -T -1.7976931348623157E308 -N -1"
2024-06-21 11:36:05 weka.gui.explorer.AttributeSelectionPanel$10 run
INFO: Meta-classifier command: weka.classifiers.meta.AttributeSelectedClassifier -E "weka.attributeSelection.CorrelationAttributeEval " -S "weka.attributeSelection.Ranker -T -1.7976931348623157E308 -N -1" -W weka.classifiers.trees.J48 -- -C 0.25 -M 2
2024-06-21 11:36:05 weka.gui.explorer.AttributeSelectionPanel$10 run
INFO: Finished weka.attributeSelection.CorrelationAttributeEval weka.attributeSelection.Ranker
2024-06-21 11:36:09 weka.gui.explorer.AttributeSelectionPanel$10 run
INFO: Started weka.attributeSelection.PrincipalComponents
2024-06-21 11:36:09 weka.gui.explorer.AttributeSelectionPanel$10 run
INFO: Command: weka.attributeSelection.PrincipalComponents -s "weka.attributeSelection.Ranker -T -1.7976931348623157E308 -N -1" -R 0.95 -A 5
2024-06-21 11:36:09 weka.gui.explorer.AttributeSelectionPanel$10 run
INFO: Filter command: weka.filters.supervised.attribute.AttributeSelection -E "weka.attributeSelection.PrincipalComponents -R 0.95 -A 5" -S "weka.attributeSelection.Ranker -T -1.7976931348623157E308 -N -1"
2024-06-21 11:36:09 weka.gui.explorer.AttributeSelectionPanel$10 run
INFO: Meta-classifier command: weka.classifiers.meta.AttributeSelectedClassifier -E "weka.attributeSelection.PrincipalComponents -R 0.95 -A 5" -S "weka.attributeSelection.Ranker -T -1.7976931348623157E308 -N -1" -W weka.classifiers.trees.J48 -- -C 0.25 -M 2
74117110325049443250485052324949585154584857326577329911110946103105116104117984610211110910910510846110101116108105984676658065677532609910810511010511662131087658278737871583270971051081011003211611132108111971003210510911210810110910111011697116105111110321021141111095832991111094610310511610411798461021111091091051084611010111610810598467897116105118101831211151161011097665806567751310741171103250494432504850523249495851545849483265773299111109461031051161041179846102111109109105108461101011161081059846766580656775326099108105110105116621310876582787378715832709710510810110032116111321081119710032105109112108101109101110116971161051111103210211411110958329911110946103105116104117984610211110910910510846110101116108105984678971161051181018210110276658065677513102024-06-21 11:36:10 weka.gui.explorer.AttributeSelectionPanel$10 run
INFO: Finished weka.attributeSelection.PrincipalComponents weka.attributeSelection.Ranker
2024-06-21 11:36:20 weka.gui.explorer.AttributeSelectionPanel$10 run
INFO: Started weka.attributeSelection.InfoGainAttributeEval
2024-06-21 11:36:20 weka.gui.explorer.AttributeSelectionPanel$10 run
INFO: Command: weka.attributeSelection.InfoGainAttributeEval -s "weka.attributeSelection.Ranker -T -1.7976931348623157E308 -N -1"
2024-06-21 11:36:20 weka.gui.explorer.AttributeSelectionPanel$10 run
INFO: Filter command: weka.filters.supervised.attribute.AttributeSelection -E "weka.attributeSelection.InfoGainAttributeEval " -S "weka.attributeSelection.Ranker -T -1.7976931348623157E308 -N -1"
2024-06-21 11:36:20 weka.gui.explorer.AttributeSelectionPanel$10 run
INFO: Meta-classifier command: weka.classifiers.meta.AttributeSelectedClassifier -E "weka.attributeSelection.InfoGainAttributeEval " -S "weka.attributeSelection.Ranker -T -1.7976931348623157E308 -N -1" -W weka.classifiers.trees.J48 -- -C 0.25 -M 2
2024-06-21 11:36:20 weka.gui.explorer.AttributeSelectionPanel$10 run
INFO: Finished weka.attributeSelection.InfoGainAttributeEval weka.attributeSelection.Ranker
